Using pre-set license
Built from '2022.3/staging' branch; Version is '2022.3.17f1 (4fc78088f837) revision 5228416'; Using compiler version '192829333'; Build Type 'Release'
OS: 'Windows 11  (10.0.26090) 64bit Professional' Language: 'es' Physical Memory: 16226 MB
BatchMode: 1, IsHumanControllingUs: 0, StartBugReporterOnCrash: 0, Is64bit: 1, IsPro: 1

COMMAND LINE ARGUMENTS:
C:\Program Files\Unity\Hub\Editor\2022.3.17f1\Editor\Unity.exe
-adb2
-batchMode
-noUpm
-name
AssetImportWorker0
-projectPath
C:/udgvirtual/semestre 4/Optativa Dise単o de juegos II/3.1. La escena principal y la estructura del personaje
-logFile
Logs/AssetImportWorker0.log
-srvPort
61051
Successfully changed project path to: C:/udgvirtual/semestre 4/Optativa Dise単o de juegos II/3.1. La escena principal y la estructura del personaje
C:/udgvirtual/semestre 4/Optativa Dise単o de juegos II/3.1. La escena principal y la estructura del personaje
[UnityMemory] Configuration Parameters - Can be set up in boot.config
    "memorysetup-bucket-allocator-granularity=16"
    "memorysetup-bucket-allocator-bucket-count=8"
    "memorysetup-bucket-allocator-block-size=33554432"
    "memorysetup-bucket-allocator-block-count=8"
    "memorysetup-main-allocator-block-size=16777216"
    "memorysetup-thread-allocator-block-size=16777216"
    "memorysetup-gfx-main-allocator-block-size=16777216"
    "memorysetup-gfx-thread-allocator-block-size=16777216"
    "memorysetup-cache-allocator-block-size=4194304"
    "memorysetup-typetree-allocator-block-size=2097152"
    "memorysetup-profiler-bucket-allocator-granularity=16"
    "memorysetup-profiler-bucket-allocator-bucket-count=8"
    "memorysetup-profiler-bucket-allocator-block-size=33554432"
    "memorysetup-profiler-bucket-allocator-block-count=8"
    "memorysetup-profiler-allocator-block-size=16777216"
    "memorysetup-profiler-editor-allocator-block-size=1048576"
    "memorysetup-temp-allocator-size-main=16777216"
    "memorysetup-job-temp-allocator-block-size=2097152"
    "memorysetup-job-temp-allocator-block-size-background=1048576"
    "memorysetup-job-temp-allocator-reduction-small-platforms=262144"
    "memorysetup-allocator-temp-initial-block-size-main=262144"
    "memorysetup-allocator-temp-initial-block-size-worker=262144"
    "memorysetup-temp-allocator-size-background-worker=32768"
    "memorysetup-temp-allocator-size-job-worker=262144"
    "memorysetup-temp-allocator-size-preload-manager=33554432"
    "memorysetup-temp-allocator-size-nav-mesh-worker=65536"
    "memorysetup-temp-allocator-size-audio-worker=65536"
    "memorysetup-temp-allocator-size-cloud-worker=32768"
    "memorysetup-temp-allocator-size-gi-baking-worker=262144"
    "memorysetup-temp-allocator-size-gfx=262144"
Player connection [7760] Host "[IP] 192.168.182.1 [Port] 0 [Flags] 2 [Guid] 3308772489 [EditorId] 3308772489 [Version] 1048832 [Id] WindowsEditor(7,NITRO5) [Debug] 1 [PackageName] WindowsEditor [ProjectName] Editor" joined multi-casting on [225.0.0.222:54997]...

Player connection [7760] Host "[IP] 192.168.182.1 [Port] 0 [Flags] 2 [Guid] 3308772489 [EditorId] 3308772489 [Version] 1048832 [Id] WindowsEditor(7,NITRO5) [Debug] 1 [PackageName] WindowsEditor [ProjectName] Editor" joined alternative multi-casting on [225.0.0.222:34997]...

[Physics::Module] Initialized MultithreadedJobDispatcher with 7 workers.
Refreshing native plugins compatible for Editor in 30.74 ms, found 6 plugins.
Preloading 0 native plugins for Editor in 0.00 ms.
Initialize engine version: 2022.3.17f1 (4fc78088f837)
[Subsystems] Discovering subsystems at path C:/Program Files/Unity/Hub/Editor/2022.3.17f1/Editor/Data/Resources/UnitySubsystems
[Subsystems] Discovering subsystems at path C:/udgvirtual/semestre 4/Optativa Dise単o de juegos II/3.1. La escena principal y la estructura del personaje/Assets
GfxDevice: creating device client; threaded=0; jobified=0
Direct3D:
    Version:  Direct3D 11.0 [level 11.1]
    Renderer: NVIDIA GeForce GTX 1050 (ID=0x1c8d)
    Vendor:   NVIDIA
    VRAM:     4019 MB
    Driver:   27.21.14.6647
Initialize mono
Mono path[0] = 'C:/Program Files/Unity/Hub/Editor/2022.3.17f1/Editor/Data/Managed'
Mono path[1] = 'C:/Program Files/Unity/Hub/Editor/2022.3.17f1/Editor/Data/MonoBleedingEdge/lib/mono/unityjit-win32'
Mono config path = 'C:/Program Files/Unity/Hub/Editor/2022.3.17f1/Editor/Data/MonoBleedingEdge/etc'
Using monoOptions --debugger-agent=transport=dt_socket,embedding=1,server=y,suspend=n,address=127.0.0.1:56012
Begin MonoManager ReloadAssembly
Registering precompiled unity dll's ...
Register platform support module: C:/Program Files/Unity/Hub/Editor/2022.3.17f1/Editor/Data/PlaybackEngines/WebGLSupport/UnityEditor.WebGL.Extensions.dll
Register platform support module: C:/Program Files/Unity/Hub/Editor/2022.3.17f1/Editor/Data/PlaybackEngines/AndroidPlayer/UnityEditor.Android.Extensions.dll
Register platform support module: C:/Program Files/Unity/Hub/Editor/2022.3.17f1/Editor/Data/PlaybackEngines/WindowsStandaloneSupport/UnityEditor.WindowsStandalone.Extensions.dll
Registered in 0.014457 seconds.
- Loaded All Assemblies, in  0.441 seconds
Native extension for WindowsStandalone target not found
Native extension for Android target not found
Android Extension - Scanning For ADB Devices 354 ms
Native extension for WebGL target not found
Mono: successfully reloaded assembly
- Finished resetting the current domain, in  0.815 seconds
Domain Reload Profiling: 1255ms
	BeginReloadAssembly (126ms)
		ExecutionOrderSort (0ms)
		DisableScriptedObjects (0ms)
		BackupInstance (0ms)
		ReleaseScriptingObjects (0ms)
		CreateAndSetChildDomain (1ms)
	RebuildCommonClasses (39ms)
	RebuildNativeTypeToScriptingClass (12ms)
	initialDomainReloadingComplete (71ms)
	LoadAllAssembliesAndSetupDomain (192ms)
		LoadAssemblies (125ms)
		RebuildTransferFunctionScriptingTraits (0ms)
		AnalyzeDomain (189ms)
			TypeCache.Refresh (187ms)
				TypeCache.ScanAssembly (169ms)
			ScanForSourceGeneratedMonoScriptInfo (1ms)
			ResolveRequiredComponents (1ms)
	FinalizeReload (815ms)
		ReleaseScriptCaches (0ms)
		RebuildScriptCaches (0ms)
		SetupLoadedEditorAssemblies (717ms)
			LogAssemblyErrors (0ms)
			InitializePlatformSupportModulesInManaged (501ms)
			SetLoadedEditorAssemblies (5ms)
			RefreshPlugins (0ms)
			BeforeProcessingInitializeOnLoad (2ms)
			ProcessInitializeOnLoadAttributes (154ms)
			ProcessInitializeOnLoadMethodAttributes (55ms)
			AfterProcessingInitializeOnLoad (0ms)
			EditorAssembliesLoaded (0ms)
		ExecutionOrderSort2 (0ms)
		AwakeInstancesAfterBackupRestoration (0ms)
========================================================================
Worker process is ready to serve import requests
Begin MonoManager ReloadAssembly
Assembly 'Assets/ExternalDependencyManager/Editor/1.2.179/Google.IOSResolver.dll' will not be loaded due to errors:
Unable to resolve reference 'UnityEditor.iOS.Extensions.Xcode'. Is the assembly missing or incompatible with the current platform?
Reference validation can be disabled in the Plugin Inspector.
Assembly 'Assets/Firebase/Editor/Firebase.Editor.dll' will not be loaded due to errors:
Unable to resolve reference 'UnityEditor.iOS.Extensions.Xcode'. Is the assembly missing or incompatible with the current platform?
Reference validation can be disabled in the Plugin Inspector.
- Loaded All Assemblies, in  0.925 seconds
Refreshing native plugins compatible for Editor in 17.92 ms, found 6 plugins.
Native extension for WindowsStandalone target not found
Native extension for Android target not found
Native extension for WebGL target not found
Package Manager log level set to [2]
[Package Manager] Server::EnsureServerProcessIsRunning -- launch failed, reason: Unity was launched with the -noUpm command-line argument
[Package Manager] UpmClient::Send -- Unable to send message (not connected to UPM process).
[Package Manager] Cannot connect to Unity Package Manager local server
Mono: successfully reloaded assembly
- Finished resetting the current domain, in  1.036 seconds
Domain Reload Profiling: 1957ms
	BeginReloadAssembly (186ms)
		ExecutionOrderSort (0ms)
		DisableScriptedObjects (6ms)
		BackupInstance (0ms)
		ReleaseScriptingObjects (0ms)
		CreateAndSetChildDomain (31ms)
	RebuildCommonClasses (45ms)
	RebuildNativeTypeToScriptingClass (12ms)
	initialDomainReloadingComplete (53ms)
	LoadAllAssembliesAndSetupDomain (626ms)
		LoadAssemblies (474ms)
		RebuildTransferFunctionScriptingTraits (0ms)
		AnalyzeDomain (253ms)
			TypeCache.Refresh (212ms)
				TypeCache.ScanAssembly (191ms)
			ScanForSourceGeneratedMonoScriptInfo (33ms)
			ResolveRequiredComponents (5ms)
	FinalizeReload (1037ms)
		ReleaseScriptCaches (0ms)
		RebuildScriptCaches (0ms)
		SetupLoadedEditorAssemblies (772ms)
			LogAssemblyErrors (0ms)
			InitializePlatformSupportModulesInManaged (49ms)
			SetLoadedEditorAssemblies (12ms)
			RefreshPlugins (0ms)
			BeforeProcessingInitializeOnLoad (207ms)
			ProcessInitializeOnLoadAttributes (455ms)
			ProcessInitializeOnLoadMethodAttributes (43ms)
			AfterProcessingInitializeOnLoad (7ms)
			EditorAssembliesLoaded (0ms)
		ExecutionOrderSort2 (0ms)
		AwakeInstancesAfterBackupRestoration (10ms)
Launched and connected shader compiler UnityShaderCompiler.exe after 0.05 seconds
Refreshing native plugins compatible for Editor in 15.24 ms, found 6 plugins.
Preloading 0 native plugins for Editor in 0.00 ms.
Unloading 4048 Unused Serialized files (Serialized files now loaded: 0)
Unloading 97 unused Assets / (256.2 KB). Loaded Objects now: 4495.
Memory consumption went from 151.1 MB to 150.9 MB.
Total: 6.434400 ms (FindLiveObjects: 0.309800 ms CreateObjectMapping: 0.280200 ms MarkObjects: 5.276000 ms  DeleteObjects: 0.567400 ms)

AssetImportParameters requested are different than current active one (requested -> active):
  custom:container-demuxer-ogg: 62fdf1f143b41e24485cea50d1cbac27 -> 
  custom:video-decoder-ogg-theora: a1e56fd34408186e4bbccfd4996cb3dc -> 
  custom:framework-win-MediaFoundation: 216162199b28c13a410421893ffa2e32 -> 
  custom:CustomObjectIndexerAttribute: 6d391050e5a25f67b0a2c618074f2cd9 -> 
  custom:container-demuxer-webm: 4f35f7cbe854078d1ac9338744f61a02 -> 
  custom:container-muxer-webm: aa71ff27fc2769a1b78a27578f13a17b -> 
  custom:video-decoder-webm-vp8: 9c59270c3fd7afecdb556c50c9e8de78 -> 
  custom:SearchIndexIgnoredProperties: e643bd26f0fe6173181afceb89e7c659 -> 
  custom:AudioImporter_EditorPlatform: d09bf68614088b80899f8185d706f6e7 -> 
  custom:video-encoder-webm-vp8: eb34c28f22e8b96e1ab97ce403110664 -> 
  custom:audio-decoder-ogg-vorbis: bf7c407c2cedff20999df2af8eb42d56 -> 
  custom:audio-encoder-webm-vorbis: bf7c407c2cedff20999df2af8eb42d56 -> 
========================================================================
Received Import Request.
  Time since last request: 418052.334615 seconds.
  path: Assets/Firebase/Editor/FirebaseFirestore_version-11.8.1_manifest.txt
  artifactKey: Guid(c3d9c570e6ae43618137149043a408e1) Importer(815301076,1909f56bfc062723c751e8b465ee728b)
Start importing Assets/Firebase/Editor/FirebaseFirestore_version-11.8.1_manifest.txt using Guid(c3d9c570e6ae43618137149043a408e1) Importer(815301076,1909f56bfc062723c751e8b465ee728b)  -> (artifact id: 'dd7eeeed38021d3e67e77da867f2e9c1') in 0.014356 seconds
Number of updated asset objects reloaded before import = 0
Number of asset objects unloaded after import = 1
========================================================================
Received Import Request.
  Time since last request: 47.402755 seconds.
  path: Assets/Palette/Palette.prefab
  artifactKey: Guid(a066565b971998245ac1a600adbfcb17) Importer(815301076,1909f56bfc062723c751e8b465ee728b)
Start importing Assets/Palette/Palette.prefab using Guid(a066565b971998245ac1a600adbfcb17) Importer(815301076,1909f56bfc062723c751e8b465ee728b)  -> (artifact id: '7974f46690ba042e31f9d7bc81363027') in 0.523852 seconds
Number of updated asset objects reloaded before import = 0
Number of asset objects unloaded after import = 131
========================================================================
Received Import Request.
  Time since last request: 0.000023 seconds.
  path: Assets/Palette/tiles_spritesheet_24.asset
  artifactKey: Guid(49f0d670b206eef4a99b18ac7e6e5851) Importer(815301076,1909f56bfc062723c751e8b465ee728b)
Start importing Assets/Palette/tiles_spritesheet_24.asset using Guid(49f0d670b206eef4a99b18ac7e6e5851) Importer(815301076,1909f56bfc062723c751e8b465ee728b)  -> (artifact id: '963390c52a248330fbff7e6c749ff2a8') in 0.022133 seconds
Number of updated asset objects reloaded before import = 0
Number of asset objects unloaded after import = 3
========================================================================
Received Import Request.
  Time since last request: 0.000027 seconds.
  path: Assets/Palette/tiles_spritesheet_19.asset
  artifactKey: Guid(5d11bc6ae17f9d443acaa066d5fc1ecb) Importer(815301076,1909f56bfc062723c751e8b465ee728b)
Start importing Assets/Palette/tiles_spritesheet_19.asset using Guid(5d11bc6ae17f9d443acaa066d5fc1ecb) Importer(815301076,1909f56bfc062723c751e8b465ee728b)  -> (artifact id: '428b5bcfc4b8aeaac59a18c4959d9923') in 0.014205 seconds
Number of updated asset objects reloaded before import = 0
Number of asset objects unloaded after import = 3
========================================================================
Received Import Request.
  Time since last request: 0.000015 seconds.
  path: Assets/Palette/tiles_spritesheet_29.asset
  artifactKey: Guid(c8050c69abdc88c40bb1b521cf53e2ae) Importer(815301076,1909f56bfc062723c751e8b465ee728b)
Start importing Assets/Palette/tiles_spritesheet_29.asset using Guid(c8050c69abdc88c40bb1b521cf53e2ae) Importer(815301076,1909f56bfc062723c751e8b465ee728b)  -> (artifact id: '8208806c1052ecc75d7947b55090ab79') in 0.011398 seconds
Number of updated asset objects reloaded before import = 0
Number of asset objects unloaded after import = 3
========================================================================
Received Import Request.
  Time since last request: 5.842041 seconds.
  path: Assets/SpriteSheets/cave_tileset.png
  artifactKey: Guid(8e203caf136378d45a556d4e4cafbd8c) Importer(815301076,1909f56bfc062723c751e8b465ee728b)
Start importing Assets/SpriteSheets/cave_tileset.png using Guid(8e203caf136378d45a556d4e4cafbd8c) Importer(815301076,1909f56bfc062723c751e8b465ee728b)  -> (artifact id: '70d574cd85d44df52140aa4f0fd94f64') in 0.045508 seconds
Number of updated asset objects reloaded before import = 0
Number of asset objects unloaded after import = 3
========================================================================
Received Import Request.
  Time since last request: 0.000018 seconds.
  path: Assets/SpriteSheets/tileset.png
  artifactKey: Guid(53430f3441453184e90e075520ebc5d3) Importer(815301076,1909f56bfc062723c751e8b465ee728b)
Start importing Assets/SpriteSheets/tileset.png using Guid(53430f3441453184e90e075520ebc5d3) Importer(815301076,1909f56bfc062723c751e8b465ee728b)  -> (artifact id: '4a09f227dca64db321d015dd2bce5e35') in 0.031531 seconds
Number of updated asset objects reloaded before import = 0
Number of asset objects unloaded after import = 3
========================================================================
Received Import Request.
  Time since last request: 6.563142 seconds.
  path: Assets/Audios/snd_blowup.ogg
  artifactKey: Guid(7d3cbfe3258b7cd478d70c29f4985b95) Importer(815301076,1909f56bfc062723c751e8b465ee728b)
Start importing Assets/Audios/snd_blowup.ogg using Guid(7d3cbfe3258b7cd478d70c29f4985b95) Importer(815301076,1909f56bfc062723c751e8b465ee728b)  -> (artifact id: '6b425423f074a5b003f99fbd99ee56d7') in 0.037613 seconds
Number of updated asset objects reloaded before import = 0
Number of asset objects unloaded after import = 2
========================================================================
Received Import Request.
  Time since last request: 0.000020 seconds.
  path: Assets/Audios/snd_boss_music.ogg
  artifactKey: Guid(1e37a3d2d0d1b28458b9609bd22e5910) Importer(815301076,1909f56bfc062723c751e8b465ee728b)
Start importing Assets/Audios/snd_boss_music.ogg using Guid(1e37a3d2d0d1b28458b9609bd22e5910) Importer(815301076,1909f56bfc062723c751e8b465ee728b)  -> (artifact id: '714167c0c811b4bd3e5dec34ca2bfd38') in 0.013719 seconds
Number of updated asset objects reloaded before import = 0
Number of asset objects unloaded after import = 2
========================================================================
Received Import Request.
  Time since last request: 0.000122 seconds.
  path: Assets/Audios/snd_click.ogg
  artifactKey: Guid(a50ae85602c646045ad61c469f3c1257) Importer(815301076,1909f56bfc062723c751e8b465ee728b)
Start importing Assets/Audios/snd_click.ogg using Guid(a50ae85602c646045ad61c469f3c1257) Importer(815301076,1909f56bfc062723c751e8b465ee728b)  -> (artifact id: 'a611edacd55c2e9316f764490a8cdc07') in 0.017170 seconds
Number of updated asset objects reloaded before import = 0
Number of asset objects unloaded after import = 2
========================================================================
Received Import Request.
  Time since last request: 0.000016 seconds.
  path: Assets/Audios/snd_bossintro.ogg
  artifactKey: Guid(e4136060da6964b49bc4337e33288de9) Importer(815301076,1909f56bfc062723c751e8b465ee728b)
Start importing Assets/Audios/snd_bossintro.ogg using Guid(e4136060da6964b49bc4337e33288de9) Importer(815301076,1909f56bfc062723c751e8b465ee728b)  -> (artifact id: '43ebcbfe3a158a9dd2f7e244a17b5fbb') in 0.011836 seconds
Number of updated asset objects reloaded before import = 0
Number of asset objects unloaded after import = 2
========================================================================
Received Import Request.
  Time since last request: 0.000089 seconds.
  path: Assets/Audios/snd_explosion_solid.ogg
  artifactKey: Guid(a26e9980c79a8864db9d55d243d8d3b2) Importer(815301076,1909f56bfc062723c751e8b465ee728b)
Start importing Assets/Audios/snd_explosion_solid.ogg using Guid(a26e9980c79a8864db9d55d243d8d3b2) Importer(815301076,1909f56bfc062723c751e8b465ee728b)  -> (artifact id: '06c679ad5c0d05b7e03c8b4a952c283c') in 0.012475 seconds
Number of updated asset objects reloaded before import = 0
Number of asset objects unloaded after import = 2
========================================================================
Received Import Request.
  Time since last request: 0.000022 seconds.
  path: Assets/Audios/snd_jump.ogg
  artifactKey: Guid(e937725f526ac764b897cafc2f8c7ed8) Importer(815301076,1909f56bfc062723c751e8b465ee728b)
Start importing Assets/Audios/snd_jump.ogg using Guid(e937725f526ac764b897cafc2f8c7ed8) Importer(815301076,1909f56bfc062723c751e8b465ee728b)  -> (artifact id: 'eeaaede55533f1c0954ee61bf0038dbb') in 0.013299 seconds
Number of updated asset objects reloaded before import = 0
Number of asset objects unloaded after import = 2
========================================================================
Received Import Request.
  Time since last request: 0.000015 seconds.
  path: Assets/Audios/snd_explosion_earth.ogg
  artifactKey: Guid(c487e32df40ed6d4cb9d52f3dba1c6ca) Importer(815301076,1909f56bfc062723c751e8b465ee728b)
Start importing Assets/Audios/snd_explosion_earth.ogg using Guid(c487e32df40ed6d4cb9d52f3dba1c6ca) Importer(815301076,1909f56bfc062723c751e8b465ee728b)  -> (artifact id: '15ae5245afb329c9bb14f919c6586fcb') in 0.011539 seconds
Number of updated asset objects reloaded before import = 0
Number of asset objects unloaded after import = 2
========================================================================
Received Import Request.
  Time since last request: 0.000015 seconds.
  path: Assets/Audios/snd_main_theme.ogg
  artifactKey: Guid(0732685ec16f0484cbb7a450e8f200a2) Importer(815301076,1909f56bfc062723c751e8b465ee728b)
Start importing Assets/Audios/snd_main_theme.ogg using Guid(0732685ec16f0484cbb7a450e8f200a2) Importer(815301076,1909f56bfc062723c751e8b465ee728b)  -> (artifact id: '23a01c4aa02e65d1fb3d4296ceaffb91') in 0.010438 seconds
Number of updated asset objects reloaded before import = 0
Number of asset objects unloaded after import = 2
========================================================================
Received Import Request.
  Time since last request: 0.000017 seconds.
  path: Assets/Audios/snd_rifle_shot.ogg
  artifactKey: Guid(576f4122d4094994c9803f3caaa8aa01) Importer(815301076,1909f56bfc062723c751e8b465ee728b)
Start importing Assets/Audios/snd_rifle_shot.ogg using Guid(576f4122d4094994c9803f3caaa8aa01) Importer(815301076,1909f56bfc062723c751e8b465ee728b)  -> (artifact id: 'f989540393b8d6badf6cf3b722e98c59') in 0.011548 seconds
Number of updated asset objects reloaded before import = 0
Number of asset objects unloaded after import = 2
========================================================================
Received Import Request.
  Time since last request: 0.000018 seconds.
  path: Assets/Audios/snd_small_rifle.ogg
  artifactKey: Guid(c8b7bcc8e1fdcce4a8787f955094ab30) Importer(815301076,1909f56bfc062723c751e8b465ee728b)
Start importing Assets/Audios/snd_small_rifle.ogg using Guid(c8b7bcc8e1fdcce4a8787f955094ab30) Importer(815301076,1909f56bfc062723c751e8b465ee728b)  -> (artifact id: 'ec74dc600218f942e1d993c77950c243') in 0.010260 seconds
Number of updated asset objects reloaded before import = 0
Number of asset objects unloaded after import = 2
========================================================================
Received Import Request.
  Time since last request: 0.000023 seconds.
  path: Assets/Audios/snd_step1.ogg
  artifactKey: Guid(3862f2cefeb4da34eb583f2dac3deb69) Importer(815301076,1909f56bfc062723c751e8b465ee728b)
Start importing Assets/Audios/snd_step1.ogg using Guid(3862f2cefeb4da34eb583f2dac3deb69) Importer(815301076,1909f56bfc062723c751e8b465ee728b)  -> (artifact id: '7a72a71756ef6b6aeaf8a0cf3ca486e2') in 0.012429 seconds
Number of updated asset objects reloaded before import = 0
Number of asset objects unloaded after import = 2
========================================================================
Received Import Request.
  Time since last request: 0.000018 seconds.
  path: Assets/Audios/snd_boss_fire.ogg
  artifactKey: Guid(7d6e4266fb52707458b02a80081e9836) Importer(815301076,1909f56bfc062723c751e8b465ee728b)
Start importing Assets/Audios/snd_boss_fire.ogg using Guid(7d6e4266fb52707458b02a80081e9836) Importer(815301076,1909f56bfc062723c751e8b465ee728b)  -> (artifact id: 'e8732872b1583681bee73c7125803f14') in 0.014487 seconds
Number of updated asset objects reloaded before import = 0
Number of asset objects unloaded after import = 2
========================================================================
Received Import Request.
  Time since last request: 0.000017 seconds.
  path: Assets/Audios/snd_reload_clip.ogg
  artifactKey: Guid(0cc8f943a415fd347b1ae7ae026e69b9) Importer(815301076,1909f56bfc062723c751e8b465ee728b)
Start importing Assets/Audios/snd_reload_clip.ogg using Guid(0cc8f943a415fd347b1ae7ae026e69b9) Importer(815301076,1909f56bfc062723c751e8b465ee728b)  -> (artifact id: '9cb06ac6c40b1a8aaa787afa23cf0ca6') in 0.013304 seconds
Number of updated asset objects reloaded before import = 0
Number of asset objects unloaded after import = 2
========================================================================
Received Import Request.
  Time since last request: 0.000027 seconds.
  path: Assets/Audios/snd_step2.ogg
  artifactKey: Guid(1bddf0ddf34b61c44a9abc06f2573034) Importer(815301076,1909f56bfc062723c751e8b465ee728b)
Start importing Assets/Audios/snd_step2.ogg using Guid(1bddf0ddf34b61c44a9abc06f2573034) Importer(815301076,1909f56bfc062723c751e8b465ee728b)  -> (artifact id: '0f9fe8db8d60a5a6f01c7ddb2edd2cbc') in 0.012523 seconds
Number of updated asset objects reloaded before import = 0
Number of asset objects unloaded after import = 2
========================================================================
Received Import Request.
  Time since last request: 5.404980 seconds.
  path: Assets/Editor Default Resources/Firebase
  artifactKey: Guid(26ab3f1c38bee204e851d74f50a19335) Importer(815301076,1909f56bfc062723c751e8b465ee728b)
Start importing Assets/Editor Default Resources/Firebase using Guid(26ab3f1c38bee204e851d74f50a19335) Importer(815301076,1909f56bfc062723c751e8b465ee728b)  -> (artifact id: '50272e426d7ad1da4f520731f1ea8219') in 0.001032 seconds
Number of updated asset objects reloaded before import = 0
Number of asset objects unloaded after import = 0
========================================================================
Received Import Request.
  Time since last request: 0.023700 seconds.
  path: Assets/Editor Default Resources/Firebase/fb_analytics.png
  artifactKey: Guid(dc218b335b1d14cd5ae532f65042d829) Importer(815301076,1909f56bfc062723c751e8b465ee728b)
Start importing Assets/Editor Default Resources/Firebase/fb_analytics.png using Guid(dc218b335b1d14cd5ae532f65042d829) Importer(815301076,1909f56bfc062723c751e8b465ee728b)  -> (artifact id: 'a8aaa4c1025d4dae85e7616ef1a96f78') in 0.020652 seconds
Number of updated asset objects reloaded before import = 0
Number of asset objects unloaded after import = 2
========================================================================
Received Import Request.
  Time since last request: 0.000034 seconds.
  path: Assets/Editor Default Resources/Firebase/fb_config_dark.png
  artifactKey: Guid(0ad9ef5fff5524355a9670c90a99cbba) Importer(815301076,1909f56bfc062723c751e8b465ee728b)
Start importing Assets/Editor Default Resources/Firebase/fb_config_dark.png using Guid(0ad9ef5fff5524355a9670c90a99cbba) Importer(815301076,1909f56bfc062723c751e8b465ee728b)  -> (artifact id: '28120c99c9daabfc8b8b5b6487623627') in 0.020360 seconds
Number of updated asset objects reloaded before import = 0
Number of asset objects unloaded after import = 2
========================================================================
Received Import Request.
  Time since last request: 0.000027 seconds.
  path: Assets/Editor Default Resources/Firebase/fb_database_dark.png
  artifactKey: Guid(9f6bfa9d8aefb40dc92461c372c73b0f) Importer(815301076,1909f56bfc062723c751e8b465ee728b)
Start importing Assets/Editor Default Resources/Firebase/fb_database_dark.png using Guid(9f6bfa9d8aefb40dc92461c372c73b0f) Importer(815301076,1909f56bfc062723c751e8b465ee728b)  -> (artifact id: '9d1b5dfc5a86655f322333110c9a2637') in 0.021864 seconds
Number of updated asset objects reloaded before import = 0
Number of asset objects unloaded after import = 2
========================================================================
Received Import Request.
  Time since last request: 0.000023 seconds.
  path: Assets/Editor Default Resources/Firebase/fb_functions.png
  artifactKey: Guid(953367231f9e3e22e70e5d1c91a40fe5) Importer(815301076,1909f56bfc062723c751e8b465ee728b)
Start importing Assets/Editor Default Resources/Firebase/fb_functions.png using Guid(953367231f9e3e22e70e5d1c91a40fe5) Importer(815301076,1909f56bfc062723c751e8b465ee728b)  -> (artifact id: 'bb7d730a83dc4ae7bf6e226e80d976c0') in 0.018900 seconds
Number of updated asset objects reloaded before import = 0
Number of asset objects unloaded after import = 2
========================================================================
Received Import Request.
  Time since last request: 0.000017 seconds.
  path: Assets/Editor Default Resources/Firebase/fb_crashlytics.png
  artifactKey: Guid(008a5e76206e49f9b06d8ba144aabb38) Importer(815301076,1909f56bfc062723c751e8b465ee728b)
Start importing Assets/Editor Default Resources/Firebase/fb_crashlytics.png using Guid(008a5e76206e49f9b06d8ba144aabb38) Importer(815301076,1909f56bfc062723c751e8b465ee728b)  -> (artifact id: 'f5ef1964ae8c215c77d17ea6948784c6') in 0.019955 seconds
Number of updated asset objects reloaded before import = 0
Number of asset objects unloaded after import = 2
========================================================================
Received Import Request.
  Time since last request: 0.000019 seconds.
  path: Assets/Editor Default Resources/Firebase/fb_storage_dark.png
  artifactKey: Guid(2955864b938094f579ea9902b65ac10c) Importer(815301076,1909f56bfc062723c751e8b465ee728b)
Start importing Assets/Editor Default Resources/Firebase/fb_storage_dark.png using Guid(2955864b938094f579ea9902b65ac10c) Importer(815301076,1909f56bfc062723c751e8b465ee728b)  -> (artifact id: '634413ba923c09afc99a60132656cc9b') in 0.019955 seconds
Number of updated asset objects reloaded before import = 0
Number of asset objects unloaded after import = 2
========================================================================
Received Import Request.
  Time since last request: 0.000019 seconds.
  path: Assets/Editor Default Resources/Firebase/fb_auth.png
  artifactKey: Guid(394b3ec4d60c24476a12e4ba696d9e5d) Importer(815301076,1909f56bfc062723c751e8b465ee728b)
Start importing Assets/Editor Default Resources/Firebase/fb_auth.png using Guid(394b3ec4d60c24476a12e4ba696d9e5d) Importer(815301076,1909f56bfc062723c751e8b465ee728b)  -> (artifact id: '1d4b9ba0258e36ca89fa515f31fd7c96') in 0.019583 seconds
Number of updated asset objects reloaded before import = 0
Number of asset objects unloaded after import = 2
========================================================================
Received Import Request.
  Time since last request: 0.000023 seconds.
  path: Assets/Editor Default Resources/Firebase/fb_config.png
  artifactKey: Guid(415eaec414af14d11955222a282aca08) Importer(815301076,1909f56bfc062723c751e8b465ee728b)
Start importing Assets/Editor Default Resources/Firebase/fb_config.png using Guid(415eaec414af14d11955222a282aca08) Importer(815301076,1909f56bfc062723c751e8b465ee728b)  -> (artifact id: '5278035bae6dd6dd9a309ac9f1573951') in 0.020275 seconds
Number of updated asset objects reloaded before import = 0
Number of asset objects unloaded after import = 2
========================================================================
Received Import Request.
  Time since last request: 0.000016 seconds.
  path: Assets/Editor Default Resources/Firebase/fb_invites_dark.png
  artifactKey: Guid(a734ad7414926404e90f8b5be37b7e23) Importer(815301076,1909f56bfc062723c751e8b465ee728b)
Start importing Assets/Editor Default Resources/Firebase/fb_invites_dark.png using Guid(a734ad7414926404e90f8b5be37b7e23) Importer(815301076,1909f56bfc062723c751e8b465ee728b)  -> (artifact id: '11a577c766a72260a79344e0ac1b22c4') in 0.017887 seconds
Number of updated asset objects reloaded before import = 0
Number of asset objects unloaded after import = 2
========================================================================
Received Import Request.
  Time since last request: 0.000016 seconds.
  path: Assets/Editor Default Resources/Firebase/firebase_lockup_dark.png
  artifactKey: Guid(b93330fc8ea08407dbc514b5101afa14) Importer(815301076,1909f56bfc062723c751e8b465ee728b)
Start importing Assets/Editor Default Resources/Firebase/firebase_lockup_dark.png using Guid(b93330fc8ea08407dbc514b5101afa14) Importer(815301076,1909f56bfc062723c751e8b465ee728b)  -> (artifact id: '44f154a3a2ceef8a2aa37d9e03fa2264') in 0.020085 seconds
Number of updated asset objects reloaded before import = 0
Number of asset objects unloaded after import = 2
========================================================================
Received Import Request.
  Time since last request: 0.000021 seconds.
  path: Assets/Editor Default Resources/Firebase/fb_invites.png
  artifactKey: Guid(741b269777f30488482ef4937b456b28) Importer(815301076,1909f56bfc062723c751e8b465ee728b)
Start importing Assets/Editor Default Resources/Firebase/fb_invites.png using Guid(741b269777f30488482ef4937b456b28) Importer(815301076,1909f56bfc062723c751e8b465ee728b)  -> (artifact id: '2dee394dc8feecea19c2b1dba835eda6') in 0.019902 seconds
Number of updated asset objects reloaded before import = 0
Number of asset objects unloaded after import = 2
========================================================================
Received Import Request.
  Time since last request: 8.717223 seconds.
  path: Assets/Firebase/m2repository
  artifactKey: Guid(2dcf9cb26a3408f4d9a542905afee41c) Importer(815301076,1909f56bfc062723c751e8b465ee728b)
Start importing Assets/Firebase/m2repository using Guid(2dcf9cb26a3408f4d9a542905afee41c) Importer(815301076,1909f56bfc062723c751e8b465ee728b)  -> (artifact id: 'b5c9aa1c79f2cd9c72d19409db4c1503') in 0.000752 seconds
Number of updated asset objects reloaded before import = 0
Number of asset objects unloaded after import = 0
========================================================================
Received Import Request.
  Time since last request: 96.450872 seconds.
  path: Packages/com.unity.ext.nunit/package.json
  artifactKey: Guid(8143d3a8390f2c64685e3bc272bd9e90) Importer(815301076,1909f56bfc062723c751e8b465ee728b)
Start importing Packages/com.unity.ext.nunit/package.json using Guid(8143d3a8390f2c64685e3bc272bd9e90) Importer(815301076,1909f56bfc062723c751e8b465ee728b)  -> (artifact id: '02e6ff00f4d339ca929f0df7e6e68e04') in 0.001457 seconds
Number of updated asset objects reloaded before import = 0
Number of asset objects unloaded after import = 1
========================================================================
Received Import Request.
  Time since last request: 649.253137 seconds.
  path: Assets/ExternalDependencyManager/Editor
  artifactKey: Guid(17d7da03574653e4d9d57fe216f058dd) Importer(815301076,1909f56bfc062723c751e8b465ee728b)
Start importing Assets/ExternalDependencyManager/Editor using Guid(17d7da03574653e4d9d57fe216f058dd) Importer(815301076,1909f56bfc062723c751e8b465ee728b)  -> (artifact id: '76184455a4e4e99a13cf351add4f0a35') in 0.000798 seconds
Number of updated asset objects reloaded before import = 0
Number of asset objects unloaded after import = 0
========================================================================
Received Import Request.
  Time since last request: 8.266721 seconds.
  path: Assets/Firebase/Plugins
  artifactKey: Guid(a5bedd95269ee154783701ba4608455f) Importer(815301076,1909f56bfc062723c751e8b465ee728b)
Start importing Assets/Firebase/Plugins using Guid(a5bedd95269ee154783701ba4608455f) Importer(815301076,1909f56bfc062723c751e8b465ee728b)  -> (artifact id: '8550793fd18163d4e5ddda3d06db8bbe') in 0.032246 seconds
Number of updated asset objects reloaded before import = 0
Number of asset objects unloaded after import = 0
========================================================================
Received Import Request.
  Time since last request: 133.830752 seconds.
  path: Assets/Firebase/Plugins/iOS
  artifactKey: Guid(a73ffc427b3a11e479c93278d4efa898) Importer(815301076,1909f56bfc062723c751e8b465ee728b)
Start importing Assets/Firebase/Plugins/iOS using Guid(a73ffc427b3a11e479c93278d4efa898) Importer(815301076,1909f56bfc062723c751e8b465ee728b)  -> (artifact id: 'd81abfa975d37c31168f09a08086674c') in 0.047669 seconds
Number of updated asset objects reloaded before import = 0
Number of asset objects unloaded after import = 0
========================================================================
Received Import Request.
  Time since last request: 7.956491 seconds.
  path: Assets/Firebase/Plugins/x86_64
  artifactKey: Guid(5af97a29ff188e646b2a20a16bc41089) Importer(815301076,1909f56bfc062723c751e8b465ee728b)
Start importing Assets/Firebase/Plugins/x86_64 using Guid(5af97a29ff188e646b2a20a16bc41089) Importer(815301076,1909f56bfc062723c751e8b465ee728b)  -> (artifact id: '25cd1e7c1a0f5be43b4b7fa8659eb125') in 0.001184 seconds
Number of updated asset objects reloaded before import = 0
Number of asset objects unloaded after import = 0
========================================================================
Received Import Request.
  Time since last request: 6.316277 seconds.
  path: Assets/GeneratedLocalRepo/Firebase
  artifactKey: Guid(5efdef0aa4c6ea148ac112008178fce4) Importer(815301076,1909f56bfc062723c751e8b465ee728b)
Start importing Assets/GeneratedLocalRepo/Firebase using Guid(5efdef0aa4c6ea148ac112008178fce4) Importer(815301076,1909f56bfc062723c751e8b465ee728b)  -> (artifact id: 'ba6461f6e59d22a91299e3db7845f1c7') in 0.000559 seconds
Number of updated asset objects reloaded before import = 0
Number of asset objects unloaded after import = 0
========================================================================
Received Import Request.
  Time since last request: 2.633395 seconds.
  path: Assets/GeneratedLocalRepo/Firebase/m2repository
  artifactKey: Guid(ad97ab562af0ab144827b967d75044a8) Importer(815301076,1909f56bfc062723c751e8b465ee728b)
Start importing Assets/GeneratedLocalRepo/Firebase/m2repository using Guid(ad97ab562af0ab144827b967d75044a8) Importer(815301076,1909f56bfc062723c751e8b465ee728b)  -> (artifact id: '5862d13b6a0d629ad533d8e258293756') in 0.000702 seconds
Number of updated asset objects reloaded before import = 0
Number of asset objects unloaded after import = 0
========================================================================
Received Import Request.
  Time since last request: 1.075624 seconds.
  path: Assets/GeneratedLocalRepo/Firebase/m2repository/com
  artifactKey: Guid(dc41facd160145b4f875ea2e1f4d1cf2) Importer(815301076,1909f56bfc062723c751e8b465ee728b)
Start importing Assets/GeneratedLocalRepo/Firebase/m2repository/com using Guid(dc41facd160145b4f875ea2e1f4d1cf2) Importer(815301076,1909f56bfc062723c751e8b465ee728b)  -> (artifact id: '4e0b5932e6b83c5b0390a509571453b2') in 0.000804 seconds
Number of updated asset objects reloaded before import = 0
Number of asset objects unloaded after import = 0
========================================================================
Received Import Request.
  Time since last request: 0.757996 seconds.
  path: Assets/GeneratedLocalRepo/Firebase/m2repository/com/google
  artifactKey: Guid(aee31c5a53f362f49b9130582e5d2989) Importer(815301076,1909f56bfc062723c751e8b465ee728b)
Start importing Assets/GeneratedLocalRepo/Firebase/m2repository/com/google using Guid(aee31c5a53f362f49b9130582e5d2989) Importer(815301076,1909f56bfc062723c751e8b465ee728b)  -> (artifact id: '48b47b8f80f63dd97a8f63dc236bf2fa') in 0.000819 seconds
Number of updated asset objects reloaded before import = 0
Number of asset objects unloaded after import = 0
========================================================================
Received Import Request.
  Time since last request: 0.706468 seconds.
  path: Assets/GeneratedLocalRepo/Firebase/m2repository/com/google/firebase
  artifactKey: Guid(1cfaee15c499fb74a9589d641a4045fc) Importer(815301076,1909f56bfc062723c751e8b465ee728b)
Start importing Assets/GeneratedLocalRepo/Firebase/m2repository/com/google/firebase using Guid(1cfaee15c499fb74a9589d641a4045fc) Importer(815301076,1909f56bfc062723c751e8b465ee728b)  -> (artifact id: '09fcccca235b1f6cf6b8cd05a18c2b41') in 0.000881 seconds
Number of updated asset objects reloaded before import = 0
Number of asset objects unloaded after import = 0
========================================================================
Received Import Request.
  Time since last request: 0.802478 seconds.
  path: Assets/GeneratedLocalRepo/Firebase/m2repository/com/google/firebase/firebase-app-unity
  artifactKey: Guid(0e15e54229045c84982c70a744d8878e) Importer(815301076,1909f56bfc062723c751e8b465ee728b)
Start importing Assets/GeneratedLocalRepo/Firebase/m2repository/com/google/firebase/firebase-app-unity using Guid(0e15e54229045c84982c70a744d8878e) Importer(815301076,1909f56bfc062723c751e8b465ee728b)  -> (artifact id: '0c98188e5a9c85ac850a52d50f3c9301') in 0.000509 seconds
Number of updated asset objects reloaded before import = 0
Number of asset objects unloaded after import = 0
========================================================================
Received Import Request.
  Time since last request: 1.062665 seconds.
  path: Assets/GeneratedLocalRepo/Firebase/m2repository/com/google/firebase/firebase-app-unity/11.8.1
  artifactKey: Guid(f911a29e8eb6c3847a0cd8846c685668) Importer(815301076,1909f56bfc062723c751e8b465ee728b)
Start importing Assets/GeneratedLocalRepo/Firebase/m2repository/com/google/firebase/firebase-app-unity/11.8.1 using Guid(f911a29e8eb6c3847a0cd8846c685668) Importer(815301076,1909f56bfc062723c751e8b465ee728b)  -> (artifact id: '7482e27e693de43d40856571f9b96a92') in 0.000562 seconds
Number of updated asset objects reloaded before import = 0
Number of asset objects unloaded after import = 0
========================================================================
Received Import Request.
  Time since last request: 1.634302 seconds.
  path: Assets/GeneratedLocalRepo/Firebase/m2repository/com/google/firebase/firebase-app-unity/11.8.1/firebase-app-unity-11.8.1.pom
  artifactKey: Guid(e13eed1dd0f813d49a89ba6ae24162e8) Importer(815301076,1909f56bfc062723c751e8b465ee728b)
Start importing Assets/GeneratedLocalRepo/Firebase/m2repository/com/google/firebase/firebase-app-unity/11.8.1/firebase-app-unity-11.8.1.pom using Guid(e13eed1dd0f813d49a89ba6ae24162e8) Importer(815301076,1909f56bfc062723c751e8b465ee728b)  -> (artifact id: '87286f2e5f776f6620d372f974cb59b8') in 0.001283 seconds
Number of updated asset objects reloaded before import = 0
Number of asset objects unloaded after import = 1
========================================================================
Received Import Request.
  Time since last request: 10.280392 seconds.
  path: Assets/GeneratedLocalRepo/Firebase/m2repository/com/google/firebase/firebase-firestore-unity
  artifactKey: Guid(df9f4892d1057db4b9fa4c66142c8725) Importer(815301076,1909f56bfc062723c751e8b465ee728b)
Start importing Assets/GeneratedLocalRepo/Firebase/m2repository/com/google/firebase/firebase-firestore-unity using Guid(df9f4892d1057db4b9fa4c66142c8725) Importer(815301076,1909f56bfc062723c751e8b465ee728b)  -> (artifact id: '7fa4fe7283f446733f5fab528075e3cb') in 0.000669 seconds
Number of updated asset objects reloaded before import = 0
Number of asset objects unloaded after import = 0
========================================================================
Received Import Request.
  Time since last request: 1.086577 seconds.
  path: Assets/GeneratedLocalRepo/Firebase/m2repository/com/google/firebase/firebase-firestore-unity/11.8.1
  artifactKey: Guid(e001f04a4dcd27744858f2fe7c67604b) Importer(815301076,1909f56bfc062723c751e8b465ee728b)
Start importing Assets/GeneratedLocalRepo/Firebase/m2repository/com/google/firebase/firebase-firestore-unity/11.8.1 using Guid(e001f04a4dcd27744858f2fe7c67604b) Importer(815301076,1909f56bfc062723c751e8b465ee728b)  -> (artifact id: '498a72399efbe04815f99f675d673262') in 0.000657 seconds
Number of updated asset objects reloaded before import = 0
Number of asset objects unloaded after import = 0
========================================================================
Received Import Request.
  Time since last request: 1.448737 seconds.
  path: Assets/GeneratedLocalRepo/Firebase/m2repository/com/google/firebase/firebase-firestore-unity/11.8.1/firebase-firestore-unity-11.8.1.pom
  artifactKey: Guid(38c610213502d4640ad633c32fa48137) Importer(815301076,1909f56bfc062723c751e8b465ee728b)
Start importing Assets/GeneratedLocalRepo/Firebase/m2repository/com/google/firebase/firebase-firestore-unity/11.8.1/firebase-firestore-unity-11.8.1.pom using Guid(38c610213502d4640ad633c32fa48137) Importer(815301076,1909f56bfc062723c751e8b465ee728b)  -> (artifact id: '8da2f1e816cd4567401d8088aada0a43') in 0.001037 seconds
Number of updated asset objects reloaded before import = 0
Number of asset objects unloaded after import = 1
========================================================================
Received Import Request.
  Time since last request: 26.832708 seconds.
  path: Assets/Plugins/Android
  artifactKey: Guid(9ae7977a79089cc4ab4817dfa4d21a2b) Importer(815301076,1909f56bfc062723c751e8b465ee728b)
Start importing Assets/Plugins/Android using Guid(9ae7977a79089cc4ab4817dfa4d21a2b) Importer(815301076,1909f56bfc062723c751e8b465ee728b)  -> (artifact id: '5ea7d8325e4a571124775a3ef8fe6476') in 0.048320 seconds
Number of updated asset objects reloaded before import = 0
Number of asset objects unloaded after import = 0
========================================================================
Received Import Request.
  Time since last request: 13.968548 seconds.
  path: Assets/Plugins/Android/NewBehaviourScript.cs
  artifactKey: Guid(d9f5dbd934dbcf14da521967ab01ee86) Importer(815301076,1909f56bfc062723c751e8b465ee728b)
Start importing Assets/Plugins/Android/NewBehaviourScript.cs using Guid(d9f5dbd934dbcf14da521967ab01ee86) Importer(815301076,1909f56bfc062723c751e8b465ee728b)  -> (artifact id: '3f4c78124609e654ac65bc26e3d38c44') in 0.000883 seconds
Number of updated asset objects reloaded before import = 0
Number of asset objects unloaded after import = 0
========================================================================
Received Prepare
Begin MonoManager ReloadAssembly
Assembly 'Assets/ExternalDependencyManager/Editor/1.2.179/Google.IOSResolver.dll' will not be loaded due to errors:
Unable to resolve reference 'UnityEditor.iOS.Extensions.Xcode'. Is the assembly missing or incompatible with the current platform?
Reference validation can be disabled in the Plugin Inspector.
Assembly 'Assets/Firebase/Editor/Firebase.Editor.dll' will not be loaded due to errors:
Unable to resolve reference 'UnityEditor.iOS.Extensions.Xcode'. Is the assembly missing or incompatible with the current platform?
Reference validation can be disabled in the Plugin Inspector.
- Loaded All Assemblies, in  1.045 seconds
Refreshing native plugins compatible for Editor in 16.13 ms, found 6 plugins.
Native extension for WindowsStandalone target not found
Native extension for Android target not found
Native extension for WebGL target not found
[Package Manager] Server::EnsureServerProcessIsRunning -- launch failed, reason: Unity was launched with the -noUpm command-line argument
[Package Manager] UpmClient::Send -- Unable to send message (not connected to UPM process).
[Package Manager] Cannot connect to Unity Package Manager local server
Mono: successfully reloaded assembly
- Finished resetting the current domain, in  1.867 seconds
Domain Reload Profiling: 2904ms
	BeginReloadAssembly (316ms)
		ExecutionOrderSort (0ms)
		DisableScriptedObjects (22ms)
		BackupInstance (0ms)
		ReleaseScriptingObjects (0ms)
		CreateAndSetChildDomain (74ms)
	RebuildCommonClasses (74ms)
	RebuildNativeTypeToScriptingClass (19ms)
	initialDomainReloadingComplete (72ms)
	LoadAllAssembliesAndSetupDomain (555ms)
		LoadAssemblies (684ms)
		RebuildTransferFunctionScriptingTraits (0ms)
		AnalyzeDomain (43ms)
			TypeCache.Refresh (11ms)
				TypeCache.ScanAssembly (0ms)
			ScanForSourceGeneratedMonoScriptInfo (22ms)
			ResolveRequiredComponents (9ms)
	FinalizeReload (1868ms)
		ReleaseScriptCaches (0ms)
		RebuildScriptCaches (0ms)
		SetupLoadedEditorAssemblies (864ms)
			LogAssemblyErrors (0ms)
			InitializePlatformSupportModulesInManaged (45ms)
			SetLoadedEditorAssemblies (8ms)
			RefreshPlugins (0ms)
			BeforeProcessingInitializeOnLoad (152ms)
			ProcessInitializeOnLoadAttributes (590ms)
			ProcessInitializeOnLoadMethodAttributes (59ms)
			AfterProcessingInitializeOnLoad (11ms)
			EditorAssembliesLoaded (0ms)
		ExecutionOrderSort2 (0ms)
		AwakeInstancesAfterBackupRestoration (28ms)
Refreshing native plugins compatible for Editor in 24.82 ms, found 6 plugins.
Preloading 0 native plugins for Editor in 0.00 ms.
Unloading 4042 Unused Serialized files (Serialized files now loaded: 0)
Unloading 69 unused Assets / (228.5 KB). Loaded Objects now: 4523.
Memory consumption went from 150.9 MB to 150.7 MB.
Total: 3.485900 ms (FindLiveObjects: 0.360400 ms CreateObjectMapping: 0.303700 ms MarkObjects: 2.612800 ms  DeleteObjects: 0.208100 ms)

Prepare: number of updated asset objects reloaded= 0
AssetImportParameters requested are different than current active one (requested -> active):
  custom:container-demuxer-ogg: 62fdf1f143b41e24485cea50d1cbac27 -> 
  custom:video-decoder-ogg-theora: a1e56fd34408186e4bbccfd4996cb3dc -> 
  custom:framework-win-MediaFoundation: 216162199b28c13a410421893ffa2e32 -> 
  custom:CustomObjectIndexerAttribute: 6d391050e5a25f67b0a2c618074f2cd9 -> 
  custom:container-demuxer-webm: 4f35f7cbe854078d1ac9338744f61a02 -> 
  custom:container-muxer-webm: aa71ff27fc2769a1b78a27578f13a17b -> 
  custom:video-decoder-webm-vp8: 9c59270c3fd7afecdb556c50c9e8de78 -> 
  custom:SearchIndexIgnoredProperties: e643bd26f0fe6173181afceb89e7c659 -> 
  custom:AudioImporter_EditorPlatform: d09bf68614088b80899f8185d706f6e7 -> 
  custom:video-encoder-webm-vp8: eb34c28f22e8b96e1ab97ce403110664 -> 
  custom:audio-decoder-ogg-vorbis: bf7c407c2cedff20999df2af8eb42d56 -> 
  custom:audio-encoder-webm-vorbis: bf7c407c2cedff20999df2af8eb42d56 -> 
========================================================================
Received Import Request.
  Time since last request: 65.977735 seconds.
  path: Assets/Plugins/Android/FirebaseManager.cs
  artifactKey: Guid(d9f5dbd934dbcf14da521967ab01ee86) Importer(815301076,1909f56bfc062723c751e8b465ee728b)
Start importing Assets/Plugins/Android/FirebaseManager.cs using Guid(d9f5dbd934dbcf14da521967ab01ee86) Importer(815301076,1909f56bfc062723c751e8b465ee728b)  -> (artifact id: '00cb8293d2574eb73da168f93e45fc9a') in 0.002670 seconds
Number of updated asset objects reloaded before import = 0
Number of asset objects unloaded after import = 0
========================================================================
Received Prepare
Begin MonoManager ReloadAssembly
Assembly 'Assets/ExternalDependencyManager/Editor/1.2.179/Google.IOSResolver.dll' will not be loaded due to errors:
Unable to resolve reference 'UnityEditor.iOS.Extensions.Xcode'. Is the assembly missing or incompatible with the current platform?
Reference validation can be disabled in the Plugin Inspector.
Assembly 'Assets/Firebase/Editor/Firebase.Editor.dll' will not be loaded due to errors:
Unable to resolve reference 'UnityEditor.iOS.Extensions.Xcode'. Is the assembly missing or incompatible with the current platform?
Reference validation can be disabled in the Plugin Inspector.
- Loaded All Assemblies, in  0.637 seconds
Refreshing native plugins compatible for Editor in 14.43 ms, found 6 plugins.
Native extension for WindowsStandalone target not found
Native extension for Android target not found
Native extension for WebGL target not found
[Package Manager] Server::EnsureServerProcessIsRunning -- launch failed, reason: Unity was launched with the -noUpm command-line argument
[Package Manager] UpmClient::Send -- Unable to send message (not connected to UPM process).
[Package Manager] Cannot connect to Unity Package Manager local server
Mono: successfully reloaded assembly
- Finished resetting the current domain, in  1.623 seconds
Domain Reload Profiling: 2255ms
	BeginReloadAssembly (182ms)
		ExecutionOrderSort (0ms)
		DisableScriptedObjects (13ms)
		BackupInstance (0ms)
		ReleaseScriptingObjects (0ms)
		CreateAndSetChildDomain (43ms)
	RebuildCommonClasses (36ms)
	RebuildNativeTypeToScriptingClass (13ms)
	initialDomainReloadingComplete (38ms)
	LoadAllAssembliesAndSetupDomain (363ms)
		LoadAssemblies (410ms)
		RebuildTransferFunctionScriptingTraits (0ms)
		AnalyzeDomain (44ms)
			TypeCache.Refresh (16ms)
				TypeCache.ScanAssembly (0ms)
			ScanForSourceGeneratedMonoScriptInfo (19ms)
			ResolveRequiredComponents (8ms)
	FinalizeReload (1623ms)
		ReleaseScriptCaches (0ms)
		RebuildScriptCaches (0ms)
		SetupLoadedEditorAssemblies (707ms)
			LogAssemblyErrors (0ms)
			InitializePlatformSupportModulesInManaged (38ms)
			SetLoadedEditorAssemblies (10ms)
			RefreshPlugins (0ms)
			BeforeProcessingInitializeOnLoad (111ms)
			ProcessInitializeOnLoadAttributes (480ms)
			ProcessInitializeOnLoadMethodAttributes (60ms)
			AfterProcessingInitializeOnLoad (8ms)
			EditorAssembliesLoaded (0ms)
		ExecutionOrderSort2 (0ms)
		AwakeInstancesAfterBackupRestoration (24ms)
Refreshing native plugins compatible for Editor in 11.19 ms, found 6 plugins.
Preloading 0 native plugins for Editor in 0.00 ms.
Unloading 4042 Unused Serialized files (Serialized files now loaded: 0)
Unloading 69 unused Assets / (228.5 KB). Loaded Objects now: 4527.
Memory consumption went from 152.9 MB to 152.7 MB.
Total: 3.774300 ms (FindLiveObjects: 0.300700 ms CreateObjectMapping: 0.233900 ms MarkObjects: 2.965300 ms  DeleteObjects: 0.273300 ms)

Prepare: number of updated asset objects reloaded= 0
AssetImportParameters requested are different than current active one (requested -> active):
  custom:container-demuxer-ogg: 62fdf1f143b41e24485cea50d1cbac27 -> 
  custom:video-decoder-ogg-theora: a1e56fd34408186e4bbccfd4996cb3dc -> 
  custom:framework-win-MediaFoundation: 216162199b28c13a410421893ffa2e32 -> 
  custom:CustomObjectIndexerAttribute: 6d391050e5a25f67b0a2c618074f2cd9 -> 
  custom:container-demuxer-webm: 4f35f7cbe854078d1ac9338744f61a02 -> 
  custom:container-muxer-webm: aa71ff27fc2769a1b78a27578f13a17b -> 
  custom:video-decoder-webm-vp8: 9c59270c3fd7afecdb556c50c9e8de78 -> 
  custom:SearchIndexIgnoredProperties: e643bd26f0fe6173181afceb89e7c659 -> 
  custom:AudioImporter_EditorPlatform: d09bf68614088b80899f8185d706f6e7 -> 
  custom:video-encoder-webm-vp8: eb34c28f22e8b96e1ab97ce403110664 -> 
  custom:audio-decoder-ogg-vorbis: bf7c407c2cedff20999df2af8eb42d56 -> 
  custom:audio-encoder-webm-vorbis: bf7c407c2cedff20999df2af8eb42d56 -> 
========================================================================
Received Import Request.
  Time since last request: 7.961737 seconds.
  path: Assets/Plugins/Android/FirebaseManager.cs
  artifactKey: Guid(d9f5dbd934dbcf14da521967ab01ee86) Importer(815301076,1909f56bfc062723c751e8b465ee728b)
Start importing Assets/Plugins/Android/FirebaseManager.cs using Guid(d9f5dbd934dbcf14da521967ab01ee86) Importer(815301076,1909f56bfc062723c751e8b465ee728b)  -> (artifact id: 'fc5f321dd01fab52ca7c6851829ee3e1') in 0.002018 seconds
Number of updated asset objects reloaded before import = 0
Number of asset objects unloaded after import = 0
========================================================================
Received Import Request.
  Time since last request: 458.607644 seconds.
  path: Assets/balas.prefab
  artifactKey: Guid(940db938bbff80e46aa4ee45e04e2f4e) Importer(815301076,1909f56bfc062723c751e8b465ee728b)
Start importing Assets/balas.prefab using Guid(940db938bbff80e46aa4ee45e04e2f4e) Importer(815301076,1909f56bfc062723c751e8b465ee728b)  -> (artifact id: '091f1ad27d2815d6b4d0bd3144a1c38c') in 0.103858 seconds
Number of updated asset objects reloaded before import = 0
Number of asset objects unloaded after import = 17
========================================================================
Received Import Request.
  Time since last request: 5.439128 seconds.
  path: Assets/Plugins
  artifactKey: Guid(5ce849347efd0674f8bdcd15f6e5569b) Importer(815301076,1909f56bfc062723c751e8b465ee728b)
Start importing Assets/Plugins using Guid(5ce849347efd0674f8bdcd15f6e5569b) Importer(815301076,1909f56bfc062723c751e8b465ee728b)  -> (artifact id: '808e86091b3d93d0b00d54b04d4a19fe') in 0.000626 seconds
Number of updated asset objects reloaded before import = 0
Number of asset objects unloaded after import = 0
========================================================================
Received Import Request.
  Time since last request: 243.686286 seconds.
  path: Assets/Plugins/Android/settingsTemplate.gradle
  artifactKey: Guid(914c8690843a08143bbf46e6ee76851c) Importer(815301076,1909f56bfc062723c751e8b465ee728b)
Start importing Assets/Plugins/Android/settingsTemplate.gradle using Guid(914c8690843a08143bbf46e6ee76851c) Importer(815301076,1909f56bfc062723c751e8b465ee728b)  -> (artifact id: 'b145a554d55b58caf670988397cec0db') in 0.001968 seconds
Number of updated asset objects reloaded before import = 0
Number of asset objects unloaded after import = 1
========================================================================
Received Import Request.
  Time since last request: 43.135295 seconds.
  path: Assets/Plugins/Android/mainTemplate.gradle
  artifactKey: Guid(b3d327c6d88b00c4682fade471efee8e) Importer(815301076,1909f56bfc062723c751e8b465ee728b)
Start importing Assets/Plugins/Android/mainTemplate.gradle using Guid(b3d327c6d88b00c4682fade471efee8e) Importer(815301076,1909f56bfc062723c751e8b465ee728b)  -> (artifact id: '8f00018bc193547b73bb34ed2c282954') in 0.001270 seconds
Number of updated asset objects reloaded before import = 0
Number of asset objects unloaded after import = 1
========================================================================
Received Import Request.
  Time since last request: 169.604737 seconds.
  path: Assets/Plugins/Android/gradleTemplate.properties
  artifactKey: Guid(02ded00257838e44e8746c297b8443d4) Importer(815301076,1909f56bfc062723c751e8b465ee728b)
Start importing Assets/Plugins/Android/gradleTemplate.properties using Guid(02ded00257838e44e8746c297b8443d4) Importer(815301076,1909f56bfc062723c751e8b465ee728b)  -> (artifact id: '0b0a47082c9354baec899af2e99953c0') in 0.001315 seconds
Number of updated asset objects reloaded before import = 0
Number of asset objects unloaded after import = 1
========================================================================
Received Import Request.
  Time since last request: 56.118166 seconds.
  path: Assets/Firebase/m2repository/com
  artifactKey: Guid(9df8c18d900d4c94986dd28fefaaec53) Importer(815301076,1909f56bfc062723c751e8b465ee728b)
Start importing Assets/Firebase/m2repository/com using Guid(9df8c18d900d4c94986dd28fefaaec53) Importer(815301076,1909f56bfc062723c751e8b465ee728b)  -> (artifact id: 'c4e1c4aec0663d8f018efbeb38ea2522') in 0.000928 seconds
Number of updated asset objects reloaded before import = 0
Number of asset objects unloaded after import = 0
========================================================================
Received Import Request.
  Time since last request: 0.792435 seconds.
  path: Assets/Firebase/m2repository/com/google
  artifactKey: Guid(8c45ebb84c7ac5349951b0b0513a9682) Importer(815301076,1909f56bfc062723c751e8b465ee728b)
Start importing Assets/Firebase/m2repository/com/google using Guid(8c45ebb84c7ac5349951b0b0513a9682) Importer(815301076,1909f56bfc062723c751e8b465ee728b)  -> (artifact id: 'ca782c62249aafc3fcebf975665b85fe') in 0.020923 seconds
Number of updated asset objects reloaded before import = 0
Number of asset objects unloaded after import = 0
========================================================================
Received Import Request.
  Time since last request: 0.675535 seconds.
  path: Assets/Firebase/m2repository/com/google/firebase
  artifactKey: Guid(32ecf271508b7a840bc4650c08b072d8) Importer(815301076,1909f56bfc062723c751e8b465ee728b)
Start importing Assets/Firebase/m2repository/com/google/firebase using Guid(32ecf271508b7a840bc4650c08b072d8) Importer(815301076,1909f56bfc062723c751e8b465ee728b)  -> (artifact id: 'f7e8da04d619585f4045c41028d4232e') in 0.002596 seconds
Number of updated asset objects reloaded before import = 0
Number of asset objects unloaded after import = 0
========================================================================
Received Import Request.
  Time since last request: 0.875918 seconds.
  path: Assets/Firebase/m2repository/com/google/firebase/firebase-app-unity
  artifactKey: Guid(03b8fc40b84bc2e41945d70f52ba928d) Importer(815301076,1909f56bfc062723c751e8b465ee728b)
Start importing Assets/Firebase/m2repository/com/google/firebase/firebase-app-unity using Guid(03b8fc40b84bc2e41945d70f52ba928d) Importer(815301076,1909f56bfc062723c751e8b465ee728b)  -> (artifact id: 'd580be077716c012c124380ec23159cd') in 0.002428 seconds
Number of updated asset objects reloaded before import = 0
Number of asset objects unloaded after import = 0
